<?xml version="1.0" encoding="UTF-8"?>
<robot generator="Robot 7.4.2 (Python 3.10.0 on win32)" generated="2026-03-28T12:37:22.729636" rpa="false" schemaversion="5">
<suite id="s1" name="Javascript Executor" source="D:\pycharm\project\28-MARCH-2026\javascript_executor.robot">
<test id="s1-t1" name="handling js" line="6">
<kw name="Open Browser" owner="SeleniumLibrary">
<msg time="2026-03-28T12:37:23.061984" level="INFO">Opening browser 'chrome' to base url 'https://inc.in/'.</msg>
<arg>${url}</arg>
<arg>chrome</arg>
<doc>Opens a new browser instance to the optional ``url``.</doc>
<status status="PASS" start="2026-03-28T12:37:23.061984" elapsed="5.564318"/>
</kw>
<kw name="Sleep" owner="BuiltIn">
<msg time="2026-03-28T12:37:31.632532" level="INFO">Slept 3 seconds.</msg>
<arg>3s</arg>
<doc>Pauses the test executed for the given time.</doc>
<status status="PASS" start="2026-03-28T12:37:28.626302" elapsed="3.006230"/>
</kw>
<kw name="Execute Javascript" owner="SeleniumLibrary">
<msg time="2026-03-28T12:37:31.638944" level="INFO">Executing JavaScript:
window.scrollTo(0,document.body.scrollHeight)
Without any arguments.</msg>
<arg>window.scrollTo(0,document.body.scrollHeight)</arg>
<doc>Executes the given JavaScript code with possible arguments.</doc>
<status status="PASS" start="2026-03-28T12:37:31.632532" elapsed="0.087374"/>
</kw>
<kw name="Sleep" owner="BuiltIn">
<msg time="2026-03-28T12:37:34.731653" level="INFO">Slept 3 seconds.</msg>
<arg>3s</arg>
<doc>Pauses the test executed for the given time.</doc>
<status status="PASS" start="2026-03-28T12:37:31.723426" elapsed="3.008227"/>
</kw>
<kw name="Close Browser" owner="SeleniumLibrary">
<doc>Closes the current browser.</doc>
<status status="PASS" start="2026-03-28T12:37:34.731653" elapsed="2.487160"/>
</kw>
<status status="PASS" start="2026-03-28T12:37:23.061984" elapsed="14.158855"/>
</test>
<status status="PASS" start="2026-03-28T12:37:22.729636" elapsed="14.491203"/>
</suite>
<statistics>
<total>
<stat pass="1" fail="0" skip="0">All Tests</stat>
</total>
<tag>
</tag>
<suite>
<stat name="Javascript Executor" id="s1" pass="1" fail="0" skip="0">Javascript Executor</stat>
</suite>
</statistics>
<errors>
</errors>
</robot>
